2025-04-17 22:11:36 [INFO] - Starting BugBridgeApiApplication using Java 17.0.6 with PID 6464 (C:\mobile\Switch\BugBridgeApi\target\classes started by shash in C:\mobile\Switch\BugBridgeApi)
2025-04-17 22:11:36 [INFO] - No active profile set, falling back to 1 default profile: "default"
2025-04-17 22:11:46 [INFO] - Bootstrapping Spring Data JPA repositories in DEFAULT mode.
2025-04-17 22:11:47 [INFO] - Finished Spring Data repository scanning in 678 ms. Found 1 JPA repository interface.
2025-04-17 22:11:59 [INFO] - Tomcat initialized with port 8080 (http)
2025-04-17 22:12:00 [INFO] - Starting service [Tomcat]
2025-04-17 22:12:00 [INFO] - Starting Servlet engine: [Apache Tomcat/10.1.39]
2025-04-17 22:12:04 [INFO] - Initializing Spring embedded WebApplicationContext
2025-04-17 22:12:04 [INFO] - Root WebApplicationContext: initialization completed in 27249 ms
2025-04-17 22:12:09 [INFO] - HHH000204: Processing PersistenceUnitInfo [name: default]
2025-04-17 22:12:15 [INFO] - HHH000412: Hibernate ORM core version 6.6.11.Final
2025-04-17 22:12:17 [INFO] - HHH000026: Second-level cache disabled
2025-04-17 22:12:27 [INFO] - No LoadTimeWeaver setup: ignoring JPA class transformer
2025-04-17 22:12:29 [INFO] - HikariPool-1 - Starting...
2025-04-17 22:12:34 [INFO] - HikariPool-1 - Added connection org.postgresql.jdbc.PgConnection@33430fc
2025-04-17 22:12:35 [INFO] - HikariPool-1 - Start completed.
2025-04-17 22:12:43 [WARN] - HHH90000025: PostgreSQLDialect does not need to be specified explicitly using 'hibernate.dialect' (remove the property setting and it will be selected by default)
2025-04-17 22:12:43 [INFO] - HHH10001005: Database info:
	Database JDBC URL [Connecting through datasource 'HikariDataSource (HikariPool-1)']
	Database driver: undefined/unknown
	Database version: 16.4
	Autocommit mode: undefined/unknown
	Isolation level: undefined/unknown
	Minimum pool size: undefined/unknown
	Maximum pool size: undefined/unknown
2025-04-17 22:13:07 [INFO] - HHH000489: No JTA platform available (set 'hibernate.transaction.jta.platform' to enable JTA platform integration)
2025-04-17 22:13:10 [INFO] - Initialized JPA EntityManagerFactory for persistence unit 'default'
2025-04-17 22:13:23 [INFO] - Global AuthenticationManager configured with UserDetailsService bean with name userDetailsServiceImpl
2025-04-17 22:13:24 [WARN] - spring.jpa.open-in-view is enabled by default. Therefore, database queries may be performed during view rendering. Explicitly configure spring.jpa.open-in-view to disable this warning
2025-04-17 22:13:31 [INFO] - Tomcat started on port 8080 (http) with context path '/'
2025-04-17 22:13:31 [INFO] - Started BugBridgeApiApplication in 127.643 seconds (process running for 135.111)
2025-04-17 22:13:34 [WARN] - SQL Error: 0, SQLState: 23505
2025-04-17 22:13:34 [ERROR] - ERROR: duplicate key value violates unique constraint "uk6dotkott2kjsp8vw4d0m25fb7"
  Detail: Key (email)=(admin@bugbridge.com) already exists.
2025-04-17 22:13:34 [WARN] - Admin user already exists
2025-04-17 22:13:42 [INFO] - Application shutdown requested.
2025-04-17 22:13:42 [INFO] - Commencing graceful shutdown. Waiting for active requests to complete
2025-04-17 22:13:42 [INFO] - Graceful shutdown complete
2025-04-17 22:13:43 [INFO] - Closing JPA EntityManagerFactory for persistence unit 'default'
2025-04-17 22:13:43 [INFO] - HikariPool-1 - Shutdown initiated...
2025-04-17 22:13:43 [INFO] - HikariPool-1 - Shutdown completed.
